<?xml version="1.0" encoding="UTF-8"?>
<testng-results skipped="0" failed="0" ignored="0" total="1" passed="1">
  <reporter-output>
  </reporter-output>
  <suite name="Suite" duration-ms="3737" started-at="2022-06-16T06:27:35Z" finished-at="2022-06-16T06:27:39Z">
    <groups>
    </groups>
    <test name="Test" duration-ms="3737" started-at="2022-06-16T06:27:35Z" finished-at="2022-06-16T06:27:39Z">
      <class name="apiChaining.EndToEndTest">
        <test-method status="PASS" signature="TestMethod()[pri:0, instance:apiChaining.EndToEndTest@6279cee3]" name="TestMethod" duration-ms="3709" started-at="2022-06-16T06:27:35Z" finished-at="2022-06-16T06:27:39Z">
          <reporter-output>
          </reporter-output>
        </test-method> <!-- TestMethod -->
      </class> <!-- apiChaining.EndToEndTest -->
    </test> <!-- Test -->
  </suite> <!-- Suite -->
</testng-results>
