<?xml version="1.0" encoding="UTF-8"?>
<testng-results ignored="1" total="2" passed="1" failed="0" skipped="0">
  <reporter-output>
  </reporter-output>
  <suite started-at="2022-06-16T13:32:51Z" name="Default suite" finished-at="2022-06-16T13:32:54Z" duration-ms="3555">
    <groups>
    </groups>
    <test started-at="2022-06-16T13:32:51Z" name="Default test" finished-at="2022-06-16T13:32:54Z" duration-ms="3555">
      <class name="restAPIXML.XMLTest">
        <test-method signature="Test2()[pri:0, instance:restAPIXML.XMLTest@7fcf2fc1]" started-at="2022-06-16T13:32:51Z" name="Test2" finished-at="2022-06-16T13:32:54Z" duration-ms="3530" status="PASS">
          <reporter-output>
          </reporter-output>
        </test-method> <!-- Test2 -->
      </class> <!-- restAPIXML.XMLTest -->
    </test> <!-- Default test -->
  </suite> <!-- Default suite -->
</testng-results>
